<?xml version="1.0" encoding="UTF-8"?>
<!-- Generated by org.testng.reporters.JUnitReportReporter -->
<testsuite skipped="0" hostname="DESKTOP-PIE8IO8" name="com.hybridfm.testCases.TC_LoginTest_001" tests="1" failures="0" timestamp="22 Jul 2021 02:10:53 GMT" time="3.655" errors="0">
  <testcase name="loginTest" time="3.655" classname="com.hybridfm.testCases.TC_LoginTest_001"/>
</testsuite> <!-- com.hybridfm.testCases.TC_LoginTest_001 -->
